<SerializableClass Type="LocationXML" Version="1.0">
    <Member Name="name">pats41</Member>
    <Collection Name="planes">
        <Class Type="Plane" Version="1.0">
            <Member Name="type">back_plane</Member>
            <Member Name="support_vector_x">0.</Member>
            <Member Name="support_vector_y">0</Member>
            <Member Name="support_vector_z">-3</Member>
            <Member Name="normal_vector_x">0</Member>
            <Member Name="normal_vector_y">0.</Member>
            <Member Name="normal_vector_z">1.</Member>
        </Class>
        <Class Type="Plane" Version="1.0">
            <Member Name="type">unspecified_plane</Member>
            <Member Name="support_vector_x">-1.2</Member>
            <Member Name="support_vector_y">0</Member>
            <Member Name="support_vector_z">0</Member>
            <Member Name="normal_vector_x">1</Member>
            <Member Name="normal_vector_y">0.</Member>
            <Member Name="normal_vector_z">0</Member>
        </Class>
        <Class Type="Plane" Version="1.0">
            <Member Name="type">unspecified_plane</Member>
            <Member Name="support_vector_x">1.5</Member>
            <Member Name="support_vector_y">0</Member>
            <Member Name="support_vector_z">0</Member>
            <Member Name="normal_vector_x">-1</Member>
            <Member Name="normal_vector_y">0.</Member>
            <Member Name="normal_vector_z">0</Member>
        </Class>
    </Collection>
</SerializableClass>
